Logfile initialized
[INFO] logfile = /Users/alex.medearis/Desktop/bv-titanium-sdk/apps/BrowseProductsExample/build.log
[DEBUG] /Users/alex.medearis/Library/Application Support/Titanium/mobilesdk/osx/2.1.1.GA/android/builder.py simulator BrowseProductsExample /Users/alex.medearis/android-sdks /Users/alex.medearis/Desktop/bv-titanium-sdk/apps/BrowseProductsExample com.bazaarvoice.browseproducts 4 WVGA854 
[INFO] Building BrowseProductsExample for Android ... one moment
[INFO] Titanium SDK version: 2.1.1 (07/27/12 14:01 0fd84a2)
[DEBUG] Waiting for device to be ready ...
[TRACE] adb devices returned 1 devices/emulators
[TRACE] adb devices returned 1 devices/emulators
[TRACE] adb devices returned 1 devices/emulators
[TRACE] adb devices returned 1 devices/emulators
[TRACE] adb devices returned 1 devices/emulators
[TRACE] adb devices returned 1 devices/emulators
[DEBUG] Device connected... (waited 25 seconds)
[DEBUG] waited 25.095628 seconds on emulator to get ready
[INFO] Waiting for the Android Emulator to become available
[DEBUG] com.bazaarvoice.browseproducts installed? True
[INFO] Fastdev server running, deploying in Fastdev mode
[INFO] Copying CommonJS modules...
[INFO] Copying project resources..
[INFO] Detected change in tiapp.xml, or assets deleted. Forcing full re-build...
[TRACE] COPYING CREATED FILE: /Users/alex.medearis/Desktop/bv-titanium-sdk/apps/BrowseProductsExample/Resources/android/appicon.png => /Users/alex.medearis/Desktop/bv-titanium-sdk/apps/BrowseProductsExample/build/android/bin/assets/Resources/appicon.png
[TRACE] COPYING CREATED FILE: /Users/alex.medearis/Desktop/bv-titanium-sdk/apps/BrowseProductsExample/Resources/app.js => /Users/alex.medearis/Desktop/bv-titanium-sdk/apps/BrowseProductsExample/build/android/bin/assets/Resources/app.js
[TRACE] COPYING CREATED FILE: /Users/alex.medearis/Desktop/bv-titanium-sdk/apps/BrowseProductsExample/Resources/images/app_background2.png => /Users/alex.medearis/Desktop/bv-titanium-sdk/apps/BrowseProductsExample/build/android/bin/assets/Resources/images/app_background2.png
[TRACE] COPYING CREATED FILE: /Users/alex.medearis/Desktop/bv-titanium-sdk/apps/BrowseProductsExample/Resources/images/bv_icon.jpg => /Users/alex.medearis/Desktop/bv-titanium-sdk/apps/BrowseProductsExample/build/android/bin/assets/Resources/images/bv_icon.jpg
[TRACE] COPYING CREATED FILE: /Users/alex.medearis/Desktop/bv-titanium-sdk/apps/BrowseProductsExample/Resources/images/camera_icon.gif => /Users/alex.medearis/Desktop/bv-titanium-sdk/apps/BrowseProductsExample/build/android/bin/assets/Resources/images/camera_icon.gif
[TRACE] COPYING CREATED FILE: /Users/alex.medearis/Desktop/bv-titanium-sdk/apps/BrowseProductsExample/Resources/KS_nav_ui.png => /Users/alex.medearis/Desktop/bv-titanium-sdk/apps/BrowseProductsExample/build/android/bin/assets/Resources/KS_nav_ui.png
[TRACE] COPYING CREATED FILE: /Users/alex.medearis/Desktop/bv-titanium-sdk/apps/BrowseProductsExample/Resources/KS_nav_views.png => /Users/alex.medearis/Desktop/bv-titanium-sdk/apps/BrowseProductsExample/build/android/bin/assets/Resources/KS_nav_views.png
[TRACE] COPYING CREATED FILE: /Users/alex.medearis/Desktop/bv-titanium-sdk/apps/BrowseProductsExample/Resources/lib/bv-js-sdk.js => /Users/alex.medearis/Desktop/bv-titanium-sdk/apps/BrowseProductsExample/build/android/bin/assets/Resources/lib/bv-js-sdk.js
[TRACE] COPYING CREATED FILE: /Users/alex.medearis/Desktop/bv-titanium-sdk/apps/BrowseProductsExample/Resources/lib/colors.js => /Users/alex.medearis/Desktop/bv-titanium-sdk/apps/BrowseProductsExample/build/android/bin/assets/Resources/lib/colors.js
[TRACE] COPYING CREATED FILE: /Users/alex.medearis/Desktop/bv-titanium-sdk/apps/BrowseProductsExample/Resources/stars/Stars.js => /Users/alex.medearis/Desktop/bv-titanium-sdk/apps/BrowseProductsExample/build/android/bin/assets/Resources/stars/Stars.js
[TRACE] COPYING CREATED FILE: /Users/alex.medearis/Desktop/bv-titanium-sdk/apps/BrowseProductsExample/Resources/ui/handheld/ContainerWindow.js => /Users/alex.medearis/Desktop/bv-titanium-sdk/apps/BrowseProductsExample/build/android/bin/assets/Resources/ui/handheld/ContainerWindow.js
[TRACE] COPYING CREATED FILE: /Users/alex.medearis/Desktop/bv-titanium-sdk/apps/BrowseProductsExample/Resources/ui/handheld/DetailScreen.js => /Users/alex.medearis/Desktop/bv-titanium-sdk/apps/BrowseProductsExample/build/android/bin/assets/Resources/ui/handheld/DetailScreen.js
[TRACE] COPYING CREATED FILE: /Users/alex.medearis/Desktop/bv-titanium-sdk/apps/BrowseProductsExample/Resources/ui/handheld/MainScreen.js => /Users/alex.medearis/Desktop/bv-titanium-sdk/apps/BrowseProductsExample/build/android/bin/assets/Resources/ui/handheld/MainScreen.js
[TRACE] COPYING CREATED FILE: /Users/alex.medearis/Desktop/bv-titanium-sdk/apps/BrowseProductsExample/Resources/ui/handheld/Navigation.js => /Users/alex.medearis/Desktop/bv-titanium-sdk/apps/BrowseProductsExample/build/android/bin/assets/Resources/ui/handheld/Navigation.js
[TRACE] COPYING CREATED FILE: /Users/alex.medearis/Desktop/bv-titanium-sdk/apps/BrowseProductsExample/Resources/ui/handheld/ProductsScreen.js => /Users/alex.medearis/Desktop/bv-titanium-sdk/apps/BrowseProductsExample/build/android/bin/assets/Resources/ui/handheld/ProductsScreen.js
[TRACE] COPYING CREATED FILE: /Users/alex.medearis/Desktop/bv-titanium-sdk/apps/BrowseProductsExample/Resources/ui/handheld/ReviewDetailScreen.js => /Users/alex.medearis/Desktop/bv-titanium-sdk/apps/BrowseProductsExample/build/android/bin/assets/Resources/ui/handheld/ReviewDetailScreen.js
[TRACE] Generating Java Classes
[DEBUG] Processing Android resource drawables
[TRACE] COPYING FILE: /Users/alex.medearis/Desktop/bv-titanium-sdk/apps/BrowseProductsExample/Resources/android/images/res-hdpi/app_background2.png => /Users/alex.medearis/Desktop/bv-titanium-sdk/apps/BrowseProductsExample/build/android/res/drawable-hdpi/app_background2_745a823bc6.png
[TRACE] COPYING FILE: /Users/alex.medearis/Desktop/bv-titanium-sdk/apps/BrowseProductsExample/Resources/android/images/res-hdpi/bv_icon.jpg => /Users/alex.medearis/Desktop/bv-titanium-sdk/apps/BrowseProductsExample/build/android/res/drawable-hdpi/bv_icon_f1b48d7b2c.jpg
[TRACE] COPYING FILE: /Users/alex.medearis/Desktop/bv-titanium-sdk/apps/BrowseProductsExample/Resources/android/images/res-hdpi/default.png => /Users/alex.medearis/Desktop/bv-titanium-sdk/apps/BrowseProductsExample/build/android/res/drawable-hdpi/default_d44e27d97b.png
[TRACE] COPYING FILE: /Users/alex.medearis/Desktop/bv-titanium-sdk/apps/BrowseProductsExample/Resources/android/images/res-hdpi/graphic_star.png => /Users/alex.medearis/Desktop/bv-titanium-sdk/apps/BrowseProductsExample/build/android/res/drawable-hdpi/graphic_star_689d959456.png
[TRACE] COPYING FILE: /Users/alex.medearis/Desktop/bv-titanium-sdk/apps/BrowseProductsExample/Resources/android/images/res-hdpi/graphic_star_filled.png => /Users/alex.medearis/Desktop/bv-titanium-sdk/apps/BrowseProductsExample/build/android/res/drawable-hdpi/graphic_star_filled_95f655ad1f.png
[TRACE] COPYING FILE: /Users/alex.medearis/Desktop/bv-titanium-sdk/apps/BrowseProductsExample/Resources/android/images/res-hdpi/graphic_star_green.png => /Users/alex.medearis/Desktop/bv-titanium-sdk/apps/BrowseProductsExample/build/android/res/drawable-hdpi/graphic_star_green_442d079e06.png
[TRACE] COPYING FILE: /Users/alex.medearis/Desktop/bv-titanium-sdk/apps/BrowseProductsExample/Resources/android/images/res-hdpi/graphic_star_half.png => /Users/alex.medearis/Desktop/bv-titanium-sdk/apps/BrowseProductsExample/build/android/res/drawable-hdpi/graphic_star_half_9b3c378ad7.png
[TRACE] COPYING FILE: /Users/alex.medearis/Desktop/bv-titanium-sdk/apps/BrowseProductsExample/Resources/android/images/res-hdpi/graphic_star_white.png => /Users/alex.medearis/Desktop/bv-titanium-sdk/apps/BrowseProductsExample/build/android/res/drawable-hdpi/graphic_star_white_28fe6fa036.png
[TRACE] COPYING FILE: /Users/alex.medearis/Desktop/bv-titanium-sdk/apps/BrowseProductsExample/Resources/android/images/res-ldpi/app_background2.png => /Users/alex.medearis/Desktop/bv-titanium-sdk/apps/BrowseProductsExample/build/android/res/drawable-ldpi/app_background2_745a823bc6.png
[TRACE] COPYING FILE: /Users/alex.medearis/Desktop/bv-titanium-sdk/apps/BrowseProductsExample/Resources/android/images/res-ldpi/bv_icon.jpg => /Users/alex.medearis/Desktop/bv-titanium-sdk/apps/BrowseProductsExample/build/android/res/drawable-ldpi/bv_icon_f1b48d7b2c.jpg
[TRACE] COPYING FILE: /Users/alex.medearis/Desktop/bv-titanium-sdk/apps/BrowseProductsExample/Resources/android/images/res-ldpi/default.png => /Users/alex.medearis/Desktop/bv-titanium-sdk/apps/BrowseProductsExample/build/android/res/drawable-ldpi/default_d44e27d97b.png
[TRACE] COPYING FILE: /Users/alex.medearis/Desktop/bv-titanium-sdk/apps/BrowseProductsExample/Resources/android/images/res-ldpi/graphic_star.png => /Users/alex.medearis/Desktop/bv-titanium-sdk/apps/BrowseProductsExample/build/android/res/drawable-ldpi/graphic_star_689d959456.png
[TRACE] COPYING FILE: /Users/alex.medearis/Desktop/bv-titanium-sdk/apps/BrowseProductsExample/Resources/android/images/res-ldpi/graphic_star_filled.png => /Users/alex.medearis/Desktop/bv-titanium-sdk/apps/BrowseProductsExample/build/android/res/drawable-ldpi/graphic_star_filled_95f655ad1f.png
[TRACE] COPYING FILE: /Users/alex.medearis/Desktop/bv-titanium-sdk/apps/BrowseProductsExample/Resources/android/images/res-ldpi/graphic_star_green.png => /Users/alex.medearis/Desktop/bv-titanium-sdk/apps/BrowseProductsExample/build/android/res/drawable-ldpi/graphic_star_green_442d079e06.png
[TRACE] COPYING FILE: /Users/alex.medearis/Desktop/bv-titanium-sdk/apps/BrowseProductsExample/Resources/android/images/res-ldpi/graphic_star_half.png => /Users/alex.medearis/Desktop/bv-titanium-sdk/apps/BrowseProductsExample/build/android/res/drawable-ldpi/graphic_star_half_9b3c378ad7.png
[TRACE] COPYING FILE: /Users/alex.medearis/Desktop/bv-titanium-sdk/apps/BrowseProductsExample/Resources/android/images/res-ldpi/graphic_star_white.png => /Users/alex.medearis/Desktop/bv-titanium-sdk/apps/BrowseProductsExample/build/android/res/drawable-ldpi/graphic_star_white_28fe6fa036.png
[TRACE] COPYING FILE: /Users/alex.medearis/Desktop/bv-titanium-sdk/apps/BrowseProductsExample/Resources/android/images/res-mdpi/app_background2.png => /Users/alex.medearis/Desktop/bv-titanium-sdk/apps/BrowseProductsExample/build/android/res/drawable-mdpi/app_background2_745a823bc6.png
[TRACE] COPYING FILE: /Users/alex.medearis/Desktop/bv-titanium-sdk/apps/BrowseProductsExample/Resources/android/images/res-mdpi/bv_icon.jpg => /Users/alex.medearis/Desktop/bv-titanium-sdk/apps/BrowseProductsExample/build/android/res/drawable-mdpi/bv_icon_f1b48d7b2c.jpg
[TRACE] COPYING FILE: /Users/alex.medearis/Desktop/bv-titanium-sdk/apps/BrowseProductsExample/Resources/android/images/res-mdpi/default.png => /Users/alex.medearis/Desktop/bv-titanium-sdk/apps/BrowseProductsExample/build/android/res/drawable-mdpi/default_d44e27d97b.png
[TRACE] COPYING FILE: /Users/alex.medearis/Desktop/bv-titanium-sdk/apps/BrowseProductsExample/Resources/android/images/res-mdpi/graphic_star.png => /Users/alex.medearis/Desktop/bv-titanium-sdk/apps/BrowseProductsExample/build/android/res/drawable-mdpi/graphic_star_689d959456.png
[TRACE] COPYING FILE: /Users/alex.medearis/Desktop/bv-titanium-sdk/apps/BrowseProductsExample/Resources/android/images/res-mdpi/graphic_star_filled.png => /Users/alex.medearis/Desktop/bv-titanium-sdk/apps/BrowseProductsExample/build/android/res/drawable-mdpi/graphic_star_filled_95f655ad1f.png
[TRACE] COPYING FILE: /Users/alex.medearis/Desktop/bv-titanium-sdk/apps/BrowseProductsExample/Resources/android/images/res-mdpi/graphic_star_green.png => /Users/alex.medearis/Desktop/bv-titanium-sdk/apps/BrowseProductsExample/build/android/res/drawable-mdpi/graphic_star_green_442d079e06.png
[TRACE] COPYING FILE: /Users/alex.medearis/Desktop/bv-titanium-sdk/apps/BrowseProductsExample/Resources/android/images/res-mdpi/graphic_star_half.png => /Users/alex.medearis/Desktop/bv-titanium-sdk/apps/BrowseProductsExample/build/android/res/drawable-mdpi/graphic_star_half_9b3c378ad7.png
[TRACE] COPYING FILE: /Users/alex.medearis/Desktop/bv-titanium-sdk/apps/BrowseProductsExample/Resources/android/images/res-mdpi/graphic_star_white.png => /Users/alex.medearis/Desktop/bv-titanium-sdk/apps/BrowseProductsExample/build/android/res/drawable-mdpi/graphic_star_white_28fe6fa036.png
[DEBUG] app stylesheet => /Users/alex.medearis/Desktop/bv-titanium-sdk/apps/BrowseProductsExample/build/android/gen/com/bazaarvoice/browseproducts/ApplicationStylesheet.java
[DEBUG] copying app icon: /Users/alex.medearis/Desktop/bv-titanium-sdk/apps/BrowseProductsExample/build/android/bin/assets/Resources/appicon.png
[DEBUG] generating theme.xml
[DEBUG] found drawable-hdpi splash screen at /Users/alex.medearis/Desktop/bv-titanium-sdk/apps/BrowseProductsExample/Resources/android/images/res-hdpi/default.png
[DEBUG] copying /Users/alex.medearis/Desktop/bv-titanium-sdk/apps/BrowseProductsExample/Resources/android/images/res-hdpi/default.png splash screen to /Users/alex.medearis/Desktop/bv-titanium-sdk/apps/BrowseProductsExample/build/android/res/drawable-hdpi/background.png
[DEBUG] found drawable-ldpi splash screen at /Users/alex.medearis/Desktop/bv-titanium-sdk/apps/BrowseProductsExample/Resources/android/images/res-ldpi/default.png
[DEBUG] copying /Users/alex.medearis/Desktop/bv-titanium-sdk/apps/BrowseProductsExample/Resources/android/images/res-ldpi/default.png splash screen to /Users/alex.medearis/Desktop/bv-titanium-sdk/apps/BrowseProductsExample/build/android/res/drawable-ldpi/background.png
[DEBUG] found drawable-mdpi splash screen at /Users/alex.medearis/Desktop/bv-titanium-sdk/apps/BrowseProductsExample/Resources/android/images/res-mdpi/default.png
[DEBUG] copying /Users/alex.medearis/Desktop/bv-titanium-sdk/apps/BrowseProductsExample/Resources/android/images/res-mdpi/default.png splash screen to /Users/alex.medearis/Desktop/bv-titanium-sdk/apps/BrowseProductsExample/build/android/res/drawable-mdpi/background.png
[DEBUG] copying default splash screen
[TRACE] Writing out AndroidManifest.xml
[DEBUG] adding /Users/alex.medearis/Desktop/bv-titanium-sdk/apps/BrowseProductsExample/build/android/gen/com/bazaarvoice/browseproducts/ApplicationStylesheet.java to javac build list
[DEBUG] adding /Users/alex.medearis/Desktop/bv-titanium-sdk/apps/BrowseProductsExample/build/android/gen/com/bazaarvoice/browseproducts/BrowseproductsexampleActivity.java to javac build list
[DEBUG] adding /Users/alex.medearis/Desktop/bv-titanium-sdk/apps/BrowseProductsExample/build/android/gen/com/bazaarvoice/browseproducts/BrowseproductsexampleAppInfo.java to javac build list
[DEBUG] adding /Users/alex.medearis/Desktop/bv-titanium-sdk/apps/BrowseProductsExample/build/android/gen/com/bazaarvoice/browseproducts/BrowseproductsexampleApplication.java to javac build list
[DEBUG] adding /Users/alex.medearis/Desktop/bv-titanium-sdk/apps/BrowseProductsExample/build/android/gen/com/bazaarvoice/browseproducts/R.java to javac build list
[DEBUG] Building Java Sources: "/Users/alex.medearis/Desktop/bv-titanium-sdk/apps/BrowseProductsExample/build/android/gen/com/bazaarvoice/browseproducts/ApplicationStylesheet.java" "/Users/alex.medearis/Desktop/bv-titanium-sdk/apps/BrowseProductsExample/build/android/gen/com/bazaarvoice/browseproducts/BrowseproductsexampleActivity.java" "/Users/alex.medearis/Desktop/bv-titanium-sdk/apps/BrowseProductsExample/build/android/gen/com/bazaarvoice/browseproducts/BrowseproductsexampleAppInfo.java" "/Users/alex.medearis/Desktop/bv-titanium-sdk/apps/BrowseProductsExample/build/android/gen/com/bazaarvoice/browseproducts/BrowseproductsexampleApplication.java" "/Users/alex.medearis/Desktop/bv-titanium-sdk/apps/BrowseProductsExample/build/android/gen/com/bazaarvoice/browseproducts/R.java"
[INFO] Waiting for SDCard to become available..
[INFO] Compiling Android Resources... This could take some time
[DEBUG] Android classes.dex built
[DEBUG] creating unsigned apk: /Users/alex.medearis/Desktop/bv-titanium-sdk/apps/BrowseProductsExample/build/android/bin/app-unsigned.apk
[DEBUG] from resource zip => assets/Resources/images/app_background2.png
[DEBUG] from resource zip => assets/Resources/images/bv_icon.jpg
[DEBUG] from resource zip => assets/Resources/images/camera_icon.gif
[DEBUG] from resource zip => assets/Resources/lib/bv-js-sdk.js
[DEBUG] from resource zip => assets/Resources/lib/colors.js
[DEBUG] from resource zip => assets/Resources/stars/Stars.js
[DEBUG] from resource zip => assets/Resources/ui/handheld/ContainerWindow.js
[DEBUG] from resource zip => assets/Resources/ui/handheld/DetailScreen.js
[DEBUG] from resource zip => assets/Resources/ui/handheld/MainScreen.js
[DEBUG] from resource zip => assets/Resources/ui/handheld/Navigation.js
[DEBUG] from resource zip => assets/Resources/ui/handheld/ProductsScreen.js
[DEBUG] from resource zip => assets/Resources/ui/handheld/ReviewDetailScreen.js
[DEBUG] from resource zip => assets/Resources/KS_nav_ui.png
[DEBUG] from resource zip => assets/Resources/KS_nav_views.png
[DEBUG] from resource zip => assets/Resources/app.js
[DEBUG] from resource zip => assets/Resources/appicon.png
[DEBUG] from resource zip => assets/Resources/ti.cloud.js
[DEBUG] from resource zip => assets/app.json
[DEBUG] from resource zip => assets/index.json
[DEBUG] from resource zip => assets/tiapp.xml
[DEBUG] from resource zip => res/drawable/appicon.png
[DEBUG] from resource zip => res/drawable/background.png
[DEBUG] from resource zip => res/drawable/close.png
[DEBUG] from resource zip => res/drawable/facebook_login.png
[DEBUG] from resource zip => res/drawable/facebook_login_down.png
[DEBUG] from resource zip => res/drawable/facebook_login_wide.png
[DEBUG] from resource zip => res/drawable/facebook_login_wide_down.png
[DEBUG] from resource zip => res/drawable/facebook_logout.png
[DEBUG] from resource zip => res/drawable/facebook_logout_down.png
[DEBUG] from resource zip => res/layout/titanium_tabgroup.xml
[DEBUG] from resource zip => AndroidManifest.xml
[DEBUG] from resource zip => resources.arsc
[DEBUG] from resource zip => res/drawable-hdpi/app_background2_745a823bc6.png
[DEBUG] from resource zip => res/drawable-hdpi/background.png
[DEBUG] from resource zip => res/drawable-hdpi/bv_icon_f1b48d7b2c.jpg
[DEBUG] from resource zip => res/drawable-hdpi/close.png
[DEBUG] from resource zip => res/drawable-hdpi/default_d44e27d97b.png
[DEBUG] from resource zip => res/drawable-hdpi/graphic_star_689d959456.png
[DEBUG] from resource zip => res/drawable-hdpi/graphic_star_filled_95f655ad1f.png
[DEBUG] from resource zip => res/drawable-hdpi/graphic_star_green_442d079e06.png
[DEBUG] from resource zip => res/drawable-hdpi/graphic_star_half_9b3c378ad7.png
[DEBUG] from resource zip => res/drawable-hdpi/graphic_star_white_28fe6fa036.png
[DEBUG] from resource zip => res/drawable-ldpi/app_background2_745a823bc6.png
[DEBUG] from resource zip => res/drawable-ldpi/background.png
[DEBUG] from resource zip => res/drawable-ldpi/bv_icon_f1b48d7b2c.jpg
[DEBUG] from resource zip => res/drawable-ldpi/close.png
[DEBUG] from resource zip => res/drawable-ldpi/default_d44e27d97b.png
[DEBUG] from resource zip => res/drawable-ldpi/graphic_star_689d959456.png
[DEBUG] from resource zip => res/drawable-ldpi/graphic_star_filled_95f655ad1f.png
[DEBUG] from resource zip => res/drawable-ldpi/graphic_star_green_442d079e06.png
[DEBUG] from resource zip => res/drawable-ldpi/graphic_star_half_9b3c378ad7.png
[DEBUG] from resource zip => res/drawable-ldpi/graphic_star_white_28fe6fa036.png
[DEBUG] from resource zip => res/drawable-mdpi/app_background2_745a823bc6.png
[DEBUG] from resource zip => res/drawable-mdpi/background.png
[DEBUG] from resource zip => res/drawable-mdpi/bv_icon_f1b48d7b2c.jpg
[DEBUG] from resource zip => res/drawable-mdpi/default_d44e27d97b.png
[DEBUG] from resource zip => res/drawable-mdpi/graphic_star_689d959456.png
[DEBUG] from resource zip => res/drawable-mdpi/graphic_star_filled_95f655ad1f.png
[DEBUG] from resource zip => res/drawable-mdpi/graphic_star_green_442d079e06.png
[DEBUG] from resource zip => res/drawable-mdpi/graphic_star_half_9b3c378ad7.png
[DEBUG] from resource zip => res/drawable-mdpi/graphic_star_white_28fe6fa036.png
[DEBUG] from JAR /Users/alex.medearis/Library/Application Support/Titanium/mobilesdk/osx/2.1.1.GA/android/modules/titanium-facebook.jar => ti/modules/titanium/facebook/LICENSE
[DEBUG] from JAR /Users/alex.medearis/Library/Application Support/Titanium/mobilesdk/osx/2.1.1.GA/android/thirdparty.jar => org/apache/Commons-NOTICE.txt
[DEBUG] from JAR /Users/alex.medearis/Library/Application Support/Titanium/mobilesdk/osx/2.1.1.GA/android/thirdparty.jar => org/apache/HttpComponents-NOTICE.txt
[DEBUG] from JAR /Users/alex.medearis/Library/Application Support/Titanium/mobilesdk/osx/2.1.1.GA/android/thirdparty.jar => org/apache/mime4j-NOTICE.txt
[DEBUG] from JAR /Users/alex.medearis/Library/Application Support/Titanium/mobilesdk/osx/2.1.1.GA/android/modules/titanium-ui.jar => ti/modules/titanium/ui/widget/webview/binding.js
[DEBUG] from JAR /Users/alex.medearis/Library/Application Support/Titanium/mobilesdk/osx/2.1.1.GA/android/modules/titanium-ui.jar => ti/modules/titanium/ui/widget/webview/binding.min.js
[DEBUG] from JAR /Users/alex.medearis/Library/Application Support/Titanium/mobilesdk/osx/2.1.1.GA/android/modules/titanium-ui.jar => ti/modules/titanium/ui/widget/webview/json2.js
[DEBUG] from JAR /Users/alex.medearis/Library/Application Support/Titanium/mobilesdk/osx/2.1.1.GA/android/modules/titanium-ui.jar => ti/modules/titanium/ui/widget/webview/polling.js
[DEBUG] from JAR /Users/alex.medearis/Library/Application Support/Titanium/mobilesdk/osx/2.1.1.GA/android/modules/titanium-ui.jar => ti/modules/titanium/ui/widget/webview/polling.min.js
[DEBUG] from JAR /Users/alex.medearis/Library/Application Support/Titanium/mobilesdk/osx/2.1.1.GA/android/titanium.jar => org/appcelerator/titanium/build.properties
[DEBUG] from JAR /Users/alex.medearis/Library/Application Support/Titanium/mobilesdk/osx/2.1.1.GA/android/titanium.jar => org/appcelerator/titanium/res/drawable/background.png
[DEBUG] from JAR /Users/alex.medearis/Library/Application Support/Titanium/mobilesdk/osx/2.1.1.GA/android/titanium.jar => org/appcelerator/titanium/res/drawable/btn_check_buttonless_on.png
[DEBUG] from JAR /Users/alex.medearis/Library/Application Support/Titanium/mobilesdk/osx/2.1.1.GA/android/titanium.jar => org/appcelerator/titanium/res/drawable/btn_check_buttonless_on_18.png
[DEBUG] from JAR /Users/alex.medearis/Library/Application Support/Titanium/mobilesdk/osx/2.1.1.GA/android/titanium.jar => org/appcelerator/titanium/res/drawable/btn_check_buttonless_on_48.png
[DEBUG] from JAR /Users/alex.medearis/Library/Application Support/Titanium/mobilesdk/osx/2.1.1.GA/android/titanium.jar => org/appcelerator/titanium/res/drawable/btn_more.png
[DEBUG] from JAR /Users/alex.medearis/Library/Application Support/Titanium/mobilesdk/osx/2.1.1.GA/android/titanium.jar => org/appcelerator/titanium/res/drawable/btn_more_18.png
[DEBUG] from JAR /Users/alex.medearis/Library/Application Support/Titanium/mobilesdk/osx/2.1.1.GA/android/titanium.jar => org/appcelerator/titanium/res/drawable/btn_more_48.png
[DEBUG] from JAR /Users/alex.medearis/Library/Application Support/Titanium/mobilesdk/osx/2.1.1.GA/android/titanium.jar => org/appcelerator/titanium/res/drawable/btn_picker_normal.9.png
[DEBUG] from JAR /Users/alex.medearis/Library/Application Support/Titanium/mobilesdk/osx/2.1.1.GA/android/titanium.jar => org/appcelerator/titanium/res/drawable/btn_picker_pressed.9.png
[DEBUG] from JAR /Users/alex.medearis/Library/Application Support/Titanium/mobilesdk/osx/2.1.1.GA/android/titanium.jar => org/appcelerator/titanium/res/drawable/btn_picker_selected.9.png
[DEBUG] from JAR /Users/alex.medearis/Library/Application Support/Titanium/mobilesdk/osx/2.1.1.GA/android/titanium.jar => org/appcelerator/titanium/res/drawable/default_icon.png
[DEBUG] from JAR /Users/alex.medearis/Library/Application Support/Titanium/mobilesdk/osx/2.1.1.GA/android/titanium.jar => org/appcelerator/titanium/res/drawable/photoDefault.png
[DEBUG] installing native SDK libs
[DEBUG] Waiting for device to be ready ...
[TRACE] adb devices returned 1 devices/emulators
[DEBUG] Device connected... (waited 0 seconds)
[DEBUG] waited 0.015319 seconds on emulator to get ready
[INFO] Installing application on emulator
[INFO] Launching application ... BrowseProductsExample
[TRACE] Launch output: Starting: Intent { act=android.intent.action.MAIN cat=[android.intent.category.LAUNCHER] cmp=com.bazaarvoice.browseproducts/.BrowseproductsexampleActivity }

[INFO] Deployed BrowseProductsExample ... Application should be running.
