Logfile initialized
[INFO] logfile = /Users/alex.medearis/Desktop/bv-titanium-sdk/apps/KitchenSink/build.log
[DEBUG] /Users/alex.medearis/Library/Application Support/Titanium/mobilesdk/osx/2.1.1.GA/android/builder.py simulator KitchenSink /Users/alex.medearis/android-sdks /Users/alex.medearis/Desktop/bv-titanium-sdk/apps/KitchenSink com.bazaarvoice.kitchensink 12 WVGA854 
[INFO] Building KitchenSink for Android ... one moment
[INFO] Titanium SDK version: 2.1.1 (07/27/12 14:01 0fd84a2)
[DEBUG] Waiting for device to be ready ...
[TRACE] adb devices returned 1 devices/emulators
[DEBUG] Device connected... (waited 0 seconds)
[DEBUG] waited 0.019709 seconds on emulator to get ready
[DEBUG] com.bazaarvoice.kitchensink installed? True
[INFO] Fastdev server running, deploying in Fastdev mode
[INFO] Copying CommonJS modules...
[INFO] Copying project resources..
[TRACE] COPYING CREATED FILE: /Users/alex.medearis/Desktop/bv-titanium-sdk/apps/KitchenSink/Resources/android/default.png => /Users/alex.medearis/Desktop/bv-titanium-sdk/apps/KitchenSink/build/android/bin/assets/Resources/default.png
[INFO] Tiapp.xml unchanged, skipping class generation
[DEBUG] Processing Android resource drawables
[DEBUG] found splash screen at /Users/alex.medearis/Desktop/bv-titanium-sdk/apps/KitchenSink/build/android/bin/assets/Resources/default.png
[DEBUG] adding /Users/alex.medearis/Desktop/bv-titanium-sdk/apps/KitchenSink/build/android/gen/com/bazaarvoice/kitchensink/R.java to javac build list
[DEBUG] Building Java Sources: "/Users/alex.medearis/Desktop/bv-titanium-sdk/apps/KitchenSink/build/android/gen/com/bazaarvoice/kitchensink/R.java"
[INFO] Waiting for SDCard to become available..
[INFO] Compiling Android Resources... This could take some time
[DEBUG] Android classes.dex built
[DEBUG] creating unsigned apk: /Users/alex.medearis/Desktop/bv-titanium-sdk/apps/KitchenSink/build/android/bin/app-unsigned.apk
[DEBUG] from resource zip => assets/Resources/lib/bv-js-sdk.js
[DEBUG] from resource zip => assets/Resources/ui/handheld/DetailScreen.js
[DEBUG] from resource zip => assets/Resources/ui/handheld/MainScreen.js
[DEBUG] from resource zip => assets/Resources/ui/handheld/Navigation.js
[DEBUG] from resource zip => assets/Resources/KS_nav_ui.png
[DEBUG] from resource zip => assets/Resources/KS_nav_views.png
[DEBUG] from resource zip => assets/Resources/app.js
[DEBUG] from resource zip => assets/Resources/appicon.png
[DEBUG] from resource zip => assets/Resources/default.png
[DEBUG] from resource zip => assets/app.json
[DEBUG] from resource zip => assets/index.json
[DEBUG] from resource zip => assets/tiapp.xml
[DEBUG] from resource zip => res/drawable/appicon.png
[DEBUG] from resource zip => res/drawable/background.png
[DEBUG] from resource zip => res/drawable/close.png
[DEBUG] from resource zip => res/drawable/facebook_login.png
[DEBUG] from resource zip => res/drawable/facebook_login_down.png
[DEBUG] from resource zip => res/drawable/facebook_login_wide.png
[DEBUG] from resource zip => res/drawable/facebook_login_wide_down.png
[DEBUG] from resource zip => res/drawable/facebook_logout.png
[DEBUG] from resource zip => res/drawable/facebook_logout_down.png
[DEBUG] from resource zip => res/layout/titanium_tabgroup.xml
[DEBUG] from resource zip => AndroidManifest.xml
[DEBUG] from resource zip => resources.arsc
[DEBUG] from resource zip => res/drawable-hdpi/close.png
[DEBUG] from resource zip => res/drawable-ldpi/close.png
[DEBUG] from JAR /Users/alex.medearis/Library/Application Support/Titanium/mobilesdk/osx/2.1.1.GA/android/modules/titanium-facebook.jar => ti/modules/titanium/facebook/LICENSE
[DEBUG] from JAR /Users/alex.medearis/Library/Application Support/Titanium/mobilesdk/osx/2.1.1.GA/android/thirdparty.jar => org/apache/Commons-NOTICE.txt
[DEBUG] from JAR /Users/alex.medearis/Library/Application Support/Titanium/mobilesdk/osx/2.1.1.GA/android/thirdparty.jar => org/apache/HttpComponents-NOTICE.txt
[DEBUG] from JAR /Users/alex.medearis/Library/Application Support/Titanium/mobilesdk/osx/2.1.1.GA/android/thirdparty.jar => org/apache/mime4j-NOTICE.txt
[DEBUG] from JAR /Users/alex.medearis/Library/Application Support/Titanium/mobilesdk/osx/2.1.1.GA/android/modules/titanium-ui.jar => ti/modules/titanium/ui/widget/webview/binding.js
[DEBUG] from JAR /Users/alex.medearis/Library/Application Support/Titanium/mobilesdk/osx/2.1.1.GA/android/modules/titanium-ui.jar => ti/modules/titanium/ui/widget/webview/binding.min.js
[DEBUG] from JAR /Users/alex.medearis/Library/Application Support/Titanium/mobilesdk/osx/2.1.1.GA/android/modules/titanium-ui.jar => ti/modules/titanium/ui/widget/webview/json2.js
[DEBUG] from JAR /Users/alex.medearis/Library/Application Support/Titanium/mobilesdk/osx/2.1.1.GA/android/modules/titanium-ui.jar => ti/modules/titanium/ui/widget/webview/polling.js
[DEBUG] from JAR /Users/alex.medearis/Library/Application Support/Titanium/mobilesdk/osx/2.1.1.GA/android/modules/titanium-ui.jar => ti/modules/titanium/ui/widget/webview/polling.min.js
[DEBUG] from JAR /Users/alex.medearis/Library/Application Support/Titanium/mobilesdk/osx/2.1.1.GA/android/titanium.jar => org/appcelerator/titanium/build.properties
[DEBUG] from JAR /Users/alex.medearis/Library/Application Support/Titanium/mobilesdk/osx/2.1.1.GA/android/titanium.jar => org/appcelerator/titanium/res/drawable/background.png
[DEBUG] from JAR /Users/alex.medearis/Library/Application Support/Titanium/mobilesdk/osx/2.1.1.GA/android/titanium.jar => org/appcelerator/titanium/res/drawable/btn_check_buttonless_on.png
[DEBUG] from JAR /Users/alex.medearis/Library/Application Support/Titanium/mobilesdk/osx/2.1.1.GA/android/titanium.jar => org/appcelerator/titanium/res/drawable/btn_check_buttonless_on_18.png
[DEBUG] from JAR /Users/alex.medearis/Library/Application Support/Titanium/mobilesdk/osx/2.1.1.GA/android/titanium.jar => org/appcelerator/titanium/res/drawable/btn_check_buttonless_on_48.png
[DEBUG] from JAR /Users/alex.medearis/Library/Application Support/Titanium/mobilesdk/osx/2.1.1.GA/android/titanium.jar => org/appcelerator/titanium/res/drawable/btn_more.png
[DEBUG] from JAR /Users/alex.medearis/Library/Application Support/Titanium/mobilesdk/osx/2.1.1.GA/android/titanium.jar => org/appcelerator/titanium/res/drawable/btn_more_18.png
[DEBUG] from JAR /Users/alex.medearis/Library/Application Support/Titanium/mobilesdk/osx/2.1.1.GA/android/titanium.jar => org/appcelerator/titanium/res/drawable/btn_more_48.png
[DEBUG] from JAR /Users/alex.medearis/Library/Application Support/Titanium/mobilesdk/osx/2.1.1.GA/android/titanium.jar => org/appcelerator/titanium/res/drawable/btn_picker_normal.9.png
[DEBUG] from JAR /Users/alex.medearis/Library/Application Support/Titanium/mobilesdk/osx/2.1.1.GA/android/titanium.jar => org/appcelerator/titanium/res/drawable/btn_picker_pressed.9.png
[DEBUG] from JAR /Users/alex.medearis/Library/Application Support/Titanium/mobilesdk/osx/2.1.1.GA/android/titanium.jar => org/appcelerator/titanium/res/drawable/btn_picker_selected.9.png
[DEBUG] from JAR /Users/alex.medearis/Library/Application Support/Titanium/mobilesdk/osx/2.1.1.GA/android/titanium.jar => org/appcelerator/titanium/res/drawable/default_icon.png
[DEBUG] from JAR /Users/alex.medearis/Library/Application Support/Titanium/mobilesdk/osx/2.1.1.GA/android/titanium.jar => org/appcelerator/titanium/res/drawable/photoDefault.png
[DEBUG] installing native SDK libs
[DEBUG] Waiting for device to be ready ...
[TRACE] adb devices returned 1 devices/emulators
[DEBUG] Device connected... (waited 0 seconds)
[DEBUG] waited 0.015119 seconds on emulator to get ready
[INFO] Installing application on emulator
[INFO] Launching application ... KitchenSink
[TRACE] Launch output: Starting: Intent { act=android.intent.action.MAIN cat=[android.intent.category.LAUNCHER] cmp=com.bazaarvoice.kitchensink/.KitchensinkActivity }

[INFO] Deployed KitchenSink ... Application should be running.
